#
# There is insufficient memory for the Java Runtime Environment to continue.
# Native memory allocation (mmap) failed to map 67108864 bytes for G1 virtual space
# Possible reasons:
#   The system is out of physical RAM or swap space
#   The process is running with CompressedOops enabled, and the Java Heap may be blocking the growth of the native heap
# Possible solutions:
#   Reduce memory load on the system
#   Increase physical memory or swap space
#   Check if swap backing store is full
#   Decrease Java heap size (-Xmx/-Xms)
#   Decrease number of Java threads
#   Decrease Java thread stack sizes (-Xss)
#   Set larger code cache with -XX:ReservedCodeCacheSize=
#   JVM is running with Unscaled Compressed Oops mode in which the Java heap is
#     placed in the first 4GB address space. The Java Heap base address is the
#     maximum limit for the native heap growth. Please use -XX:HeapBaseMinAddress
#     to set the Java Heap base and to place the Java Heap above 4GB virtual address.
# This output file may be truncated or incomplete.
#
#  Out of Memory Error (./open/src/hotspot/os/windows/os_windows.cpp:3472), pid=20956, tid=30876
#
# JRE version:  (15.0.1+9) (build )
# Java VM: OpenJDK 64-Bit Server VM (15.0.1+9-18, mixed mode, sharing, tiered, compressed oops, g1 gc, windows-amd64)
# No core dump will be written. Minidumps are not enabled by default on client versions of Windows
#

---------------  S U M M A R Y ------------

Command Line: -Dfile.encoding=UTF-8 -XX:+ShowCodeDetailsInExceptionMessages Project.Theater

Host: Intel(R) Pentium(R) CPU 3825U @ 1.90GHz, 4 cores, 3G,  Windows 10 , 64 bit Build 18362 (10.0.18362.1316)
Time: Thu Feb  4 04:02:24 2021 ¢¥eCN©öI¡¾©ö C¡ÍA¨ª¨öA elapsed time: 0.108679 seconds (0d 0h 0m 0s)

---------------  T H R E A D  ---------------

Current thread (0x000001ae01fd6250):  JavaThread "Unknown thread" [_thread_in_vm, id=30876, stack(0x0000005f75600000,0x0000005f75700000)]

Stack: [0x0000005f75600000,0x0000005f75700000]
Native frames: (J=compiled Java code, j=interpreted, Vv=VM code, C=native code)
V  [jvm.dll+0x62ae9a]
V  [jvm.dll+0x781389]
V  [jvm.dll+0x782ae3]
V  [jvm.dll+0x783143]
V  [jvm.dll+0x216265]
V  [jvm.dll+0x6281d9]
V  [jvm.dll+0x61cd15]
V  [jvm.dll+0x2d01fd]
V  [jvm.dll+0x2d0062]
V  [jvm.dll+0x2d603c]
V  [jvm.dll+0x325b2a]
V  [jvm.dll+0x3251f4]
V  [jvm.dll+0x2a717a]
V  [jvm.dll+0x2a8318]
V  [jvm.dll+0x75e101]
V  [jvm.dll+0x3343e4]
V  [jvm.dll+0x73e826]
V  [jvm.dll+0x3b7777]
V  [jvm.dll+0x3b9201]
C  [jli.dll+0x52fb]
C  [ucrtbase.dll+0x210b2]
C  [KERNEL32.DLL+0x17c24]
C  [ntdll.dll+0x6d4d1]


---------------  P R O C E S S  ---------------

Threads class SMR info:
_java_thread_list=0x00007ffaddd24ff0, length=0, elements={
}

Java Threads: ( => current thread )

Other Threads:
  0x000001ae020051c0 GCTaskThread "GC Thread#0" [stack: 0x0000005f75700000,0x0000005f75800000] [id=19644]
  0x000001ae0200f750 ConcurrentGCThread "G1 Main Marker" [stack: 0x0000005f75800000,0x0000005f75900000] [id=10736]
  0x000001ae02011160 ConcurrentGCThread "G1 Conc#0" [stack: 0x0000005f75900000,0x0000005f75a00000] [id=31808]

[error occurred during error reporting (printing all threads), id 0xc0000005, EXCEPTION_ACCESS_VIOLATION (0xc0000005) at pc=0x00007ffadd518047]

VM state: not at safepoint (not fully initialized)

VM Mutex/Monitor currently owned by a thread:  ([mutex/lock_event])
[0x000001ae01fd1970] Heap_lock - owner thread: 0x000001ae01fd6250

Heap address: 0x00000000c1800000, size: 1000 MB, Compressed Oops mode: 32-bit
CDS archive(s) mapped at: [0x0000000000000000-0x0000000000000000-0x0000000000000000), size 0, SharedBaseAddress: 0x0000000800000000, ArchiveRelocationMode: 0.
Narrow klass base: 0x0000000000000000, Narrow klass shift: 0, Narrow klass range: 0x0

Heap:
 garbage-first heap   total 65536K, used 0K [0x00000000c1800000, 0x0000000100000000)
  region size 1024K, 0 young (0K), 0 survivors (0K)
 Metaspace       used 0K, capacity 0K, committed 0K, reserved 0K
  class space    used 0K, capacity 0K, committed 0K, reserved 0K

Heap Regions: E=young(eden), S=young(survivor), O=old, HS=humongous(starts), HC=humongous(continues), CS=collection set, F=free, OA=open archive, CA=closed archive, TAMS=top-at-mark-start (previous, next)

Card table byte_map: [0x000001ae14be0000,0x000001ae14de0000] _byte_map_base: 0x000001ae145d4000

Marking Bits (Prev, Next): (CMBitMap*) 0x000001ae02006850, (CMBitMap*) 0x000001ae02006890
 Prev Bits: [0x000001ae14fe0000, 0x000001ae15f80000)
 Next Bits: [0x000001ae15f80000, 0x000001ae16f20000)

GC Heap History (0 events):
No events

Deoptimization events (0 events):
No events

Classes unloaded (0 events):
No events

Classes redefined (0 events):
No events

Internal exceptions (0 events):
No events

Events (1 events):
Event: 0.074 Loaded shared library C:\eclipse\plugins\org.eclipse.justj.openjdk.hotspot.jre.full.win32.x86_64_15.0.1.v20201027-0507\jre\bin\java.dll


Dynamic libraries:
0x00007ff7e0030000 - 0x00007ff7e003d000 	C:\eclipse\plugins\org.eclipse.justj.openjdk.hotspot.jre.full.win32.x86_64_15.0.1.v20201027-0507\jre\bin\javaw.exe
0x00007ffb23c00000 - 0x00007ffb23df0000 	C:\WINDOWS\SYSTEM32\ntdll.dll
0x00007ffb23560000 - 0x00007ffb23612000 	C:\WINDOWS\System32\KERNEL32.DLL
0x00007ffb216a0000 - 0x00007ffb21945000 	C:\WINDOWS\System32\KERNELBASE.dll
0x00007ffb219a0000 - 0x00007ffb21a9a000 	C:\WINDOWS\System32\ucrtbase.dll
0x00007ffb15420000 - 0x00007ffb15438000 	C:\eclipse\plugins\org.eclipse.justj.openjdk.hotspot.jre.full.win32.x86_64_15.0.1.v20201027-0507\jre\bin\jli.dll
0x00007ffb22fc0000 - 0x00007ffb23154000 	C:\WINDOWS\System32\USER32.dll
0x00007ffb21380000 - 0x00007ffb213a1000 	C:\WINDOWS\System32\win32u.dll
0x00007ffb23660000 - 0x00007ffb23686000 	C:\WINDOWS\System32\GDI32.dll
0x00007ffb21500000 - 0x00007ffb21698000 	C:\WINDOWS\System32\gdi32full.dll
0x00007ffb21aa0000 - 0x00007ffb21b3e000 	C:\WINDOWS\System32\msvcp_win.dll
0x00007ffb0f950000 - 0x00007ffb0f969000 	C:\eclipse\plugins\org.eclipse.justj.openjdk.hotspot.jre.full.win32.x86_64_15.0.1.v20201027-0507\jre\bin\VCRUNTIME140.dll
0x00007ffb15f00000 - 0x00007ffb16184000 	C:\WINDOWS\WinSxS\amd64_microsoft.windows.common-controls_6595b64144ccf1df_6.0.18362.1316_none_9e7a364fe461dbd7\COMCTL32.dll
0x00007ffb234c0000 - 0x00007ffb2355e000 	C:\WINDOWS\System32\msvcrt.dll
0x00007ffb22c80000 - 0x00007ffb22fb7000 	C:\WINDOWS\System32\combase.dll
0x00007ffb21cb0000 - 0x00007ffb21dcf000 	C:\WINDOWS\System32\RPCRT4.dll
0x00007ffb21b40000 - 0x00007ffb21bc1000 	C:\WINDOWS\System32\bcryptPrimitives.dll
0x00007ffb22c50000 - 0x00007ffb22c7e000 	C:\WINDOWS\System32\IMM32.DLL
0x00007ffb19480000 - 0x00007ffb1948c000 	C:\eclipse\plugins\org.eclipse.justj.openjdk.hotspot.jre.full.win32.x86_64_15.0.1.v20201027-0507\jre\bin\vcruntime140_1.dll
0x00007ffaeffb0000 - 0x00007ffaf0041000 	C:\eclipse\plugins\org.eclipse.justj.openjdk.hotspot.jre.full.win32.x86_64_15.0.1.v20201027-0507\jre\bin\msvcp140.dll
0x00007ffadd260000 - 0x00007ffadddbe000 	C:\eclipse\plugins\org.eclipse.justj.openjdk.hotspot.jre.full.win32.x86_64_15.0.1.v20201027-0507\jre\bin\server\jvm.dll
0x00007ffb21ea0000 - 0x00007ffb21f43000 	C:\WINDOWS\System32\ADVAPI32.dll
0x00007ffb22bb0000 - 0x00007ffb22c47000 	C:\WINDOWS\System32\sechost.dll
0x00007ffb23650000 - 0x00007ffb23658000 	C:\WINDOWS\System32\PSAPI.DLL
0x00007ffb17060000 - 0x00007ffb17084000 	C:\WINDOWS\SYSTEM32\WINMM.dll
0x00007ffb1f5c0000 - 0x00007ffb1f5c9000 	C:\WINDOWS\SYSTEM32\WSOCK32.dll
0x00007ffb22810000 - 0x00007ffb2287f000 	C:\WINDOWS\System32\WS2_32.dll
0x00007ffb156b0000 - 0x00007ffb156ba000 	C:\WINDOWS\SYSTEM32\VERSION.dll
0x00007ffb16e20000 - 0x00007ffb16e4d000 	C:\WINDOWS\SYSTEM32\WINMMBASE.dll
0x00007ffb21950000 - 0x00007ffb2199a000 	C:\WINDOWS\System32\cfgmgr32.dll
0x00007ffb20ac0000 - 0x00007ffb20ad1000 	C:\WINDOWS\System32\kernel.appcore.dll
0x00007ffb10ea0000 - 0x00007ffb10eaa000 	C:\eclipse\plugins\org.eclipse.justj.openjdk.hotspot.jre.full.win32.x86_64_15.0.1.v20201027-0507\jre\bin\jimage.dll
0x00007ffb1f370000 - 0x00007ffb1f564000 	C:\WINDOWS\SYSTEM32\DBGHELP.DLL
0x00007ffb19e20000 - 0x00007ffb19e4a000 	C:\WINDOWS\SYSTEM32\dbgcore.DLL
0x00007ffb03000000 - 0x00007ffb03025000 	C:\eclipse\plugins\org.eclipse.justj.openjdk.hotspot.jre.full.win32.x86_64_15.0.1.v20201027-0507\jre\bin\java.dll

dbghelp: loaded successfully - version: 4.0.5 - missing functions: none
symbol engine: initialized successfully - sym options: 0x614 - pdb path: .;C:\eclipse\plugins\org.eclipse.justj.openjdk.hotspot.jre.full.win32.x86_64_15.0.1.v20201027-0507\jre\bin;C:\WINDOWS\SYSTEM32;C:\WINDOWS\WinSxS\amd64_microsoft.windows.common-controls_6595b64144ccf1df_6.0.18362.1316_none_9e7a364fe461dbd7;C:\eclipse\plugins\org.eclipse.justj.openjdk.hotspot.jre.full.win32.x86_64_15.0.1.v20201027-0507\jre\bin\server

VM Arguments:
jvm_args: -Dfile.encoding=UTF-8 -XX:+ShowCodeDetailsInExceptionMessages 
java_command: Project.Theater
java_class_path (initial): C:\Users\SAMSUNG\eclipse-workspace\Project\bin
Launcher Type: SUN_STANDARD

[Global flags]
     intx CICompilerCount                          = 3                                         {product} {ergonomic}
     uint ConcGCThreads                            = 1                                         {product} {ergonomic}
     uint G1ConcRefinementThreads                  = 4                                         {product} {ergonomic}
   size_t G1HeapRegionSize                         = 1048576                                   {product} {ergonomic}
    uintx GCDrainStackTargetSize                   = 64                                        {product} {ergonomic}
   size_t InitialHeapSize                          = 67108864                                  {product} {ergonomic}
   size_t MarkStackSize                            = 4194304                                   {product} {ergonomic}
   size_t MaxHeapSize                              = 1048576000                                {product} {ergonomic}
   size_t MinHeapDeltaBytes                        = 1048576                                   {product} {ergonomic}
   size_t MinHeapSize                              = 8388608                                   {product} {ergonomic}
    uintx NonNMethodCodeHeapSize                   = 5832780                                {pd product} {ergonomic}
    uintx NonProfiledCodeHeapSize                  = 122912730                              {pd product} {ergonomic}
    uintx ProfiledCodeHeapSize                     = 122912730                              {pd product} {ergonomic}
    uintx ReservedCodeCacheSize                    = 251658240                              {pd product} {ergonomic}
     bool SegmentedCodeCache                       = true                                      {product} {ergonomic}
     bool ShowCodeDetailsInExceptionMessages       = true                                   {manageable} {command line}
   size_t SoftMaxHeapSize                          = 1048576000                             {manageable} {ergonomic}
     bool UseCompressedClassPointers               = true                                 {lp64_product} {ergonomic}
     bool UseCompressedOops                        = true                                 {lp64_product} {ergonomic}
     bool UseG1GC                                  = true                                      {product} {ergonomic}
     bool UseLargePagesIndividualAllocation        = false                                  {pd product} {ergonomic}

Logging:
Log output configuration:
 #0: stdout all=warning uptime,level,tags
 #1: stderr all=off uptime,level,tags

Environment Variables:
PATH=C:/eclipse//plugins/org.eclipse.justj.openjdk.hotspot.jre.full.win32.x86_64_15.0.1.v20201027-0507/jre/bin/server;C:/eclipse//plugins/org.eclipse.justj.openjdk.hotspot.jre.full.win32.x86_64_15.0.1.v20201027-0507/jre/bin;C:\ProgramData\Oracle\Java\javapath;C:\oraclexe\app\oracle\product\11.2.0\server\bin;C:\Program Files (x86)\Intel\iCLS Client;C:\Program Files\Intel\iCLS Client;C:\WINDOWS\system32;C:\WINDOWS;C:\WINDOWS\System32\Wbem;C:\WINDOWS\System32\WindowsPowerShell\v1.0;C:\Program Files (x86)\Intel\Intel(R) Management Engine Components\DAL;C:\Program Files\Intel\Intel(R) Management Engine Components\DAL;C:\Program Files (x86)\Intel\Intel(R) Management Engine Components\IPT;C:\Program Files\Intel\Intel(R) Management Engine Components\IPT;C:\Program Files\Samsung\SamsungLink\AllShare Framework DMS\bin;C:\WINDOWS\System32\OpenSSH;C:\Program Files (x86)\Brackets\command;C:\Users\SAMSUNG\AppData\Local\Microsoft\WindowsApps;C:\eclipse;
USERNAME=SAMSUNG
OS=Windows_NT
PROCESSOR_IDENTIFIER=Intel64 Family 6 Model 61 Stepping 4, GenuineIntel



---------------  S Y S T E M  ---------------

OS:
 Windows 10 , 64 bit Build 18362 (10.0.18362.1316)
OS uptime: 19 days 19:16 hours

CPU: total 4 (initial active 4) (2 cores per cpu, 2 threads per core) family 6 model 61 stepping 4 microcode 0x2b, cmov, cx8, fxsr, mmx, sse, sse2, sse3, ssse3, sse4.1, sse4.2, popcnt, clmul, erms, 3dnowpref, lzcnt, ht, tsc, tscinvbit, clflush

Memory: 4k page, system-wide physical 3995M (497M free)
TotalPageFile size 16283M (AvailPageFile size 18M)
current process WorkingSet (physical memory assigned to process): 10M, peak: 10M
current process commit charge ("private bytes"): 51M, peak: 115M

vm_info: OpenJDK 64-Bit Server VM (15.0.1+9-18) for windows-amd64 JRE (15.0.1+9-18), built on Sep 15 2020 14:39:31 by "mach5one" with unknown MS VC++:1925

END.
